<?xml version="1.0" encoding="UTF-8"?>
<!-- Generated by org.testng.reporters.JUnitReportReporter -->
<testsuite hostname="DESKTOP-VI8B0M9" failures="0" tests="3" name="com.sgtesting.users.Users" time="0.009" errors="0" timestamp="2023-05-01T17:57:55 IST" skipped="0">
  <testcase classname="com.sgtesting.users.Users" name="deleteUser" time="0.001"/>
  <system-out/>
  <testcase classname="com.sgtesting.users.Users" name="modifyUser" time="0.001"/>
  <system-out/>
  <testcase classname="com.sgtesting.users.Users" name="createUser" time="0.007"/>
  <system-out/>
</testsuite> <!-- com.sgtesting.users.Users -->
